This is pdfTeX, Version 3.1415926-2.5-1.40.14 (TeX Live 2013/Debian) (format=pdflatex 2014.7.30)  29 DEC 2014 22:21
entering extended mode
 restricted \write18 enabled.
 %&-line parsing enabled.
**monografia.tex
(./monografia.tex
LaTeX2e <2011/06/27>
Babel <3.9h> and hyphenation patterns for 78 languages loaded.
(/usr/share/texlive/texmf-dist/tex/latex/base/book.cls
Document Class: book 2007/10/19 v1.4h Standard LaTeX document class
(/usr/share/texlive/texmf-dist/tex/latex/base/bk11.clo
File: bk11.clo 2007/10/19 v1.4h Standard LaTeX file (size option)
)
\c@part=\count79
\c@chapter=\count80
\c@section=\count81
\c@subsection=\count82
\c@subsubsection=\count83
\c@paragraph=\count84
\c@subparagraph=\count85
\c@figure=\count86
\c@table=\count87
\abovecaptionskip=\skip41
\belowcaptionskip=\skip42
\bibindent=\dimen102
)
(/usr/share/texlive/texmf-dist/tex/latex/base/fontenc.sty
Package: fontenc 2005/09/27 v1.99g Standard LaTeX package

(/usr/share/texlive/texmf-dist/tex/latex/base/t1enc.def
File: t1enc.def 2005/09/27 v1.99g Standard LaTeX file
LaTeX Font Info:    Redeclaring font encoding T1 on input line 43.
))
(/usr/share/texlive/texmf-dist/tex/generic/babel/babel.sty
Package: babel 2013/12/03 3.9h The Babel package

(/usr/share/texlive/texmf-dist/tex/generic/babel-portuges/portuges.ldf
Language: portuges 2008/03/18 v1.2q Portuguese support from the babel system

(/usr/share/texlive/texmf-dist/tex/generic/babel/babel.def
File: babel.def 2013/12/03 3.9h Babel common definitions
\babel@savecnt=\count88
\U@D=\dimen103
)
\l@brazil = a dialect from \language\l@portuges 
Package babel Info: Making " an active character on input line 145.
))
(/usr/share/texlive/texmf-dist/tex/latex/base/inputenc.sty
Package: inputenc 2008/03/30 v1.1d Input encoding file
\inpenc@prehook=\toks14
\inpenc@posthook=\toks15

(/usr/share/texlive/texmf-dist/tex/latex/base/latin1.def
File: latin1.def 2008/03/30 v1.1d Input encoding file
))
(/usr/share/texlive/texmf-dist/tex/latex/graphics/graphicx.sty
Package: graphicx 1999/02/16 v1.0f Enhanced LaTeX Graphics (DPC,SPQR)

(/usr/share/texlive/texmf-dist/tex/latex/graphics/keyval.sty
Package: keyval 1999/03/16 v1.13 key=value parser (DPC)
\KV@toks@=\toks16
)
(/usr/share/texlive/texmf-dist/tex/latex/graphics/graphics.sty
Package: graphics 2009/02/05 v1.0o Standard LaTeX Graphics (DPC,SPQR)

(/usr/share/texlive/texmf-dist/tex/latex/graphics/trig.sty
Package: trig 1999/03/16 v1.09 sin cos tan (DPC)
)
(/usr/share/texlive/texmf-dist/tex/latex/latexconfig/graphics.cfg
File: graphics.cfg 2010/04/23 v1.9 graphics configuration of TeX Live
)
Package graphics Info: Driver file: pdftex.def on input line 91.

(/usr/share/texlive/texmf-dist/tex/latex/pdftex-def/pdftex.def
File: pdftex.def 2011/05/27 v0.06d Graphics/color for pdfTeX

(/usr/share/texlive/texmf-dist/tex/generic/oberdiek/infwarerr.sty
Package: infwarerr 2010/04/08 v1.3 Providing info/warning/error messages (HO)
)
(/usr/share/texlive/texmf-dist/tex/generic/oberdiek/ltxcmds.sty
Package: ltxcmds 2011/11/09 v1.22 LaTeX kernel commands for general use (HO)
)
\Gread@gobject=\count89
))
\Gin@req@height=\dimen104
\Gin@req@width=\dimen105
)
(/usr/share/texlive/texmf-dist/tex/latex/setspace/setspace.sty
Package: setspace 2011/12/19 v6.7a set line spacing
)
(/usr/share/texlive/texmf-dist/tex/latex/tools/indentfirst.sty
Package: indentfirst 1995/11/23 v1.03 Indent first paragraph (DPC)
)
(/usr/share/texlive/texmf-dist/tex/latex/base/makeidx.sty
Package: makeidx 2000/03/29 v1.0m Standard LaTeX package
)
(/usr/share/texlive/texmf-dist/tex/latex/tocbibind/tocbibind.sty
Package: tocbibind 2010/10/13 v1.5k extra ToC listings
Package tocbibind Info: The document has chapter divisions on input line 50.


Package tocbibind Note: Using chapter style headings, unless overridden.

) (/usr/share/texlive/texmf-dist/tex/latex/psnfss/courier.sty
Package: courier 2005/04/12 PSNFSS-v9.2a (WaS) 
)
(/usr/share/texlive/texmf-dist/tex/latex/type1cm/type1cm.sty
Package: type1cm 2002/09/05 v0.04 BlueSky/Y&Y Type1 CM font definitions (DPC, p
atched RF)
)
(/usr/share/texlive/texmf-dist/tex/latex/listings/listings.sty
\lst@mode=\count90
\lst@gtempboxa=\box26
\lst@token=\toks17
\lst@length=\count91
\lst@currlwidth=\dimen106
\lst@column=\count92
\lst@pos=\count93
\lst@lostspace=\dimen107
\lst@width=\dimen108
\lst@newlines=\count94
\lst@lineno=\count95
\lst@maxwidth=\dimen109

(/usr/share/texlive/texmf-dist/tex/latex/listings/lstmisc.sty
File: lstmisc.sty 2013/08/26 1.5b (Carsten Heinz)
\c@lstnumber=\count96
\lst@skipnumbers=\count97
\lst@framebox=\box27
)
(/usr/share/texlive/texmf-dist/tex/latex/listings/listings.cfg
File: listings.cfg 2013/08/26 1.5b listings configuration
))
Package: listings 2013/08/26 1.5b (Carsten Heinz)

(/usr/share/texlive/texmf-dist/tex/latex/titlesec/titletoc.sty
Package: titletoc 2011/12/15 v1.6 TOC entries
\ttl@leftsep=\dimen110
)
(/usr/share/texlive/texmf-dist/tex/latex/babelbib/babelbib.sty
Package: babelbib 2012/01/03 v1.31 babelbib: multilingual bibliographies (HH)
\c@btxromaniannumeral=\count98
)
(/usr/share/texlive/texmf-dist/tex/latex/caption/caption.sty
Package: caption 2013/05/02 v3.3-89 Customizing captions (AR)

(/usr/share/texlive/texmf-dist/tex/latex/caption/caption3.sty
Package: caption3 2013/05/02 v1.6-88 caption3 kernel (AR)
Package caption3 Info: TeX engine: e-TeX on input line 57.
\captionmargin=\dimen111
\captionmargin@=\dimen112
\captionwidth=\dimen113
\caption@tempdima=\dimen114
\caption@indent=\dimen115
\caption@parindent=\dimen116
\caption@hangindent=\dimen117
)
\c@ContinuedFloat=\count99
Package caption Info: listings package is loaded.
)
(/usr/share/texmf/tex/latex/xcolor/xcolor.sty
Package: xcolor 2007/01/21 v2.11 LaTeX color extensions (UK)

(/usr/share/texlive/texmf-dist/tex/latex/latexconfig/color.cfg
File: color.cfg 2007/01/18 v1.5 color configuration of teTeX/TeXLive
)
Package xcolor Info: Package option `usenames' ignored on input line 216.
Package xcolor Info: Driver file: pdftex.def on input line 225.
Package xcolor Info: Model `cmy' substituted by `cmy0' on input line 1337.
Package xcolor Info: Model `hsb' substituted by `rgb' on input line 1341.
Package xcolor Info: Model `RGB' extended on input line 1353.
Package xcolor Info: Model `HTML' substituted by `rgb' on input line 1355.
Package xcolor Info: Model `Hsb' substituted by `hsb' on input line 1356.
Package xcolor Info: Model `tHsb' substituted by `hsb' on input line 1357.
Package xcolor Info: Model `HSB' substituted by `hsb' on input line 1358.
Package xcolor Info: Model `Gray' substituted by `gray' on input line 1359.
Package xcolor Info: Model `wave' substituted by `hsb' on input line 1360.

(/usr/share/texlive/texmf-dist/tex/latex/graphics/dvipsnam.def
File: dvipsnam.def 1999/02/16 v3.0i Driver-dependant file (DPC,SPQR)
)
(/usr/share/texmf/tex/latex/xcolor/svgnam.def
File: svgnam.def 2007/01/21 v2.11 Predefined colors according to SVG 1.1 (UK)
))
(/usr/share/texlive/texmf-dist/tex/latex/geometry/geometry.sty
Package: geometry 2010/09/12 v5.6 Page Geometry

(/usr/share/texlive/texmf-dist/tex/generic/oberdiek/ifpdf.sty
Package: ifpdf 2011/01/30 v2.3 Provides the ifpdf switch (HO)
Package ifpdf Info: pdfTeX in PDF mode is detected.
)
(/usr/share/texlive/texmf-dist/tex/generic/oberdiek/ifvtex.sty
Package: ifvtex 2010/03/01 v1.5 Detect VTeX and its facilities (HO)
Package ifvtex Info: VTeX not detected.
)
(/usr/share/texlive/texmf-dist/tex/generic/ifxetex/ifxetex.sty
Package: ifxetex 2010/09/12 v0.6 Provides ifxetex conditional
)
\Gm@cnth=\count100
\Gm@cntv=\count101
\c@Gm@tempcnt=\count102
\Gm@bindingoffset=\dimen118
\Gm@wd@mp=\dimen119
\Gm@odd@mp=\dimen120
\Gm@even@mp=\dimen121
\Gm@layoutwidth=\dimen122
\Gm@layoutheight=\dimen123
\Gm@layouthoffset=\dimen124
\Gm@layoutvoffset=\dimen125
\Gm@dimlist=\toks18
)
(/usr/share/texlive/texmf-dist/tex/latex/hyperref/hyperref.sty
Package: hyperref 2012/11/06 v6.83m Hypertext links for LaTeX

(/usr/share/texlive/texmf-dist/tex/generic/oberdiek/hobsub-hyperref.sty
Package: hobsub-hyperref 2012/05/28 v1.13 Bundle oberdiek, subset hyperref (HO)


(/usr/share/texlive/texmf-dist/tex/generic/oberdiek/hobsub-generic.sty
Package: hobsub-generic 2012/05/28 v1.13 Bundle oberdiek, subset generic (HO)
Package: hobsub 2012/05/28 v1.13 Construct package bundles (HO)
Package hobsub Info: Skipping package `infwarerr' (already loaded).
Package hobsub Info: Skipping package `ltxcmds' (already loaded).
Package: ifluatex 2010/03/01 v1.3 Provides the ifluatex switch (HO)
Package ifluatex Info: LuaTeX not detected.
Package hobsub Info: Skipping package `ifvtex' (already loaded).
Package: intcalc 2007/09/27 v1.1 Expandable calculations with integers (HO)
Package hobsub Info: Skipping package `ifpdf' (already loaded).
Package: etexcmds 2011/02/16 v1.5 Avoid name clashes with e-TeX commands (HO)
Package etexcmds Info: Could not find \expanded.
(etexcmds)             That can mean that you are not using pdfTeX 1.50 or
(etexcmds)             that some package has redefined \expanded.
(etexcmds)             In the latter case, load this package earlier.
Package: kvsetkeys 2012/04/25 v1.16 Key value parser (HO)
Package: kvdefinekeys 2011/04/07 v1.3 Define keys (HO)
Package: pdftexcmds 2011/11/29 v0.20 Utility functions of pdfTeX for LuaTeX (HO
)
Package pdftexcmds Info: LuaTeX not detected.
Package pdftexcmds Info: \pdf@primitive is available.
Package pdftexcmds Info: \pdf@ifprimitive is available.
Package pdftexcmds Info: \pdfdraftmode found.
Package: pdfescape 2011/11/25 v1.13 Implements pdfTeX's escape features (HO)
Package: bigintcalc 2012/04/08 v1.3 Expandable calculations on big integers (HO
)
Package: bitset 2011/01/30 v1.1 Handle bit-vector datatype (HO)
Package: uniquecounter 2011/01/30 v1.2 Provide unlimited unique counter (HO)
)
Package hobsub Info: Skipping package `hobsub' (already loaded).
Package: letltxmacro 2010/09/02 v1.4 Let assignment for LaTeX macros (HO)
Package: hopatch 2012/05/28 v1.2 Wrapper for package hooks (HO)
Package: xcolor-patch 2011/01/30 xcolor patch
Package: atveryend 2011/06/30 v1.8 Hooks at the very end of document (HO)
Package atveryend Info: \enddocument detected (standard20110627).
Package: atbegshi 2011/10/05 v1.16 At begin shipout hook (HO)
Package: refcount 2011/10/16 v3.4 Data extraction from label references (HO)
Package: hycolor 2011/01/30 v1.7 Color options for hyperref/bookmark (HO)
)
(/usr/share/texlive/texmf-dist/tex/latex/oberdiek/auxhook.sty
Package: auxhook 2011/03/04 v1.3 Hooks for auxiliary files (HO)
)
(/usr/share/texlive/texmf-dist/tex/latex/oberdiek/kvoptions.sty
Package: kvoptions 2011/06/30 v3.11 Key value format for package options (HO)
)
\@linkdim=\dimen126
\Hy@linkcounter=\count103
\Hy@pagecounter=\count104

(/usr/share/texlive/texmf-dist/tex/latex/hyperref/pd1enc.def
File: pd1enc.def 2012/11/06 v6.83m Hyperref: PDFDocEncoding definition (HO)
)
\Hy@SavedSpaceFactor=\count105

(/usr/share/texlive/texmf-dist/tex/latex/latexconfig/hyperref.cfg
File: hyperref.cfg 2002/06/06 v1.2 hyperref configuration of TeXLive
)
Package hyperref Info: Option `plainpages' set `false' on input line 4319.
Package hyperref Info: Option `pdfpagelabels' set `true' on input line 4319.
Package hyperref Info: Option `colorlinks' set `true' on input line 4319.
Package hyperref Info: Option `bookmarksopen' set `true' on input line 4319.
Package hyperref Info: Hyper figures OFF on input line 4443.
Package hyperref Info: Link nesting OFF on input line 4448.
Package hyperref Info: Hyper index ON on input line 4451.
Package hyperref Info: Plain pages OFF on input line 4458.
Package hyperref Info: Backreferencing ON on input line 4461.
Package hyperref Info: Implicit mode ON; LaTeX internals redefined.
Package hyperref Info: Bookmarks ON on input line 4688.

(/usr/share/texlive/texmf-dist/tex/latex/hyperref/backref.sty
Package: backref 2012/07/25 v1.38 Bibliographical back referencing

(/usr/share/texlive/texmf-dist/tex/latex/oberdiek/rerunfilecheck.sty
Package: rerunfilecheck 2011/04/15 v1.7 Rerun checks for auxiliary files (HO)
Package uniquecounter Info: New unique counter `rerunfilecheck' on input line 2
82.
))
\c@Hy@tempcnt=\count106

(/usr/share/texlive/texmf-dist/tex/latex/url/url.sty
\Urlmuskip=\muskip10
Package: url 2013/09/16  ver 3.4  Verb mode for urls, etc.
)
LaTeX Info: Redefining \url on input line 5041.
\XeTeXLinkMargin=\dimen127
\Fld@menulength=\count107
\Field@Width=\dimen128
\Fld@charsize=\dimen129
Package hyperref Info: Hyper figures OFF on input line 6295.
Package hyperref Info: Link nesting OFF on input line 6300.
Package hyperref Info: Hyper index ON on input line 6303.
Package hyperref Info: backreferencing ON on input line 6308.
Package hyperref Info: Link coloring ON on input line 6313.
Package hyperref Info: Link coloring with OCG OFF on input line 6320.
Package hyperref Info: PDF/A mode OFF on input line 6325.
LaTeX Info: Redefining \ref on input line 6365.
LaTeX Info: Redefining \pageref on input line 6369.
\Hy@abspage=\count108
\c@Item=\count109
\c@Hfootnote=\count110
)

Package hyperref Message: Driver: hpdftex.

(/usr/share/texlive/texmf-dist/tex/latex/hyperref/hpdftex.def
File: hpdftex.def 2012/11/06 v6.83m Hyperref driver for pdfTeX
\Fld@listcount=\count111
\c@bookmark@seq@number=\count112
\Hy@SectionHShift=\skip43
)
(/usr/share/texlive/texmf-dist/tex/latex/oberdiek/hypcap.sty
Package: hypcap 2011/02/16 v1.11 Adjusting the anchors of captions (HO)
) (./natbib.sty
Package: natbib 2007/02/05 8.0 (PWD)
\bibhang=\skip44
\bibsep=\skip45
LaTeX Info: Redefining \cite on input line 602.
\c@NAT@ctr=\count113
)
(/usr/share/texlive/texmf-dist/tex/latex/fancyhdr/fancyhdr.sty
\fancy@headwidth=\skip46
\f@ncyO@elh=\skip47
\f@ncyO@erh=\skip48
\f@ncyO@olh=\skip49
\f@ncyO@orh=\skip50
\f@ncyO@elf=\skip51
\f@ncyO@erf=\skip52
\f@ncyO@olf=\skip53
\f@ncyO@orf=\skip54
)
\@indexfile=\write3
\openout3 = `monografia.idx'.


Writing index file monografia.idx
(./monografia.aux

LaTeX Warning: Label `sec:arquivos' multiply defined.

)
\openout1 = `monografia.aux'.

LaTeX Font Info:    Checking defaults for OML/cmm/m/it on input line 117.
LaTeX Font Info:    ... okay on input line 117.
LaTeX Font Info:    Checking defaults for T1/cmr/m/n on input line 117.
LaTeX Font Info:    ... okay on input line 117.
LaTeX Font Info:    Checking defaults for OT1/cmr/m/n on input line 117.
LaTeX Font Info:    ... okay on input line 117.
LaTeX Font Info:    Checking defaults for OMS/cmsy/m/n on input line 117.
LaTeX Font Info:    ... okay on input line 117.
LaTeX Font Info:    Checking defaults for OMX/cmex/m/n on input line 117.
LaTeX Font Info:    ... okay on input line 117.
LaTeX Font Info:    Checking defaults for U/cmr/m/n on input line 117.
LaTeX Font Info:    ... okay on input line 117.
LaTeX Font Info:    Checking defaults for PD1/pdf/m/n on input line 117.
LaTeX Font Info:    ... okay on input line 117.
 (/usr/share/texlive/texmf-dist/tex/context/base/supp-pdf.mkii
[Loading MPS to PDF converter (version 2006.09.02).]
\scratchcounter=\count114
\scratchdimen=\dimen130
\scratchbox=\box28
\nofMPsegments=\count115
\nofMParguments=\count116
\everyMPshowfont=\toks19
\MPscratchCnt=\count117
\MPscratchDim=\dimen131
\MPnumerator=\count118
\makeMPintoPDFobject=\count119
\everyMPtoPDFconversion=\toks20
) (/usr/share/texlive/texmf-dist/tex/latex/oberdiek/epstopdf-base.sty
Package: epstopdf-base 2010/02/09 v2.5 Base part for package epstopdf

(/usr/share/texlive/texmf-dist/tex/latex/oberdiek/grfext.sty
Package: grfext 2010/08/19 v1.1 Manage graphics extensions (HO)
)
Package grfext Info: Graphics extension search list:
(grfext)             [.png,.pdf,.jpg,.mps,.jpeg,.jbig2,.jb2,.PNG,.PDF,.JPG,.JPE
G,.JBIG2,.JB2,.eps]
(grfext)             \AppendGraphicsExtensions on input line 452.

(/usr/share/texlive/texmf-dist/tex/latex/latexconfig/epstopdf-sys.cfg
File: epstopdf-sys.cfg 2010/07/13 v1.3 Configuration of (r)epstopdf for TeX Liv
e
))
\c@lstlisting=\count120

babelbib: Set bibliography fall-back language to brazil
(/usr/share/texlive/texmf-dist/tex/latex/babelbib/portuguese.bdf
File: portuguese.bdf 2012/01/03 v1.31 babelbib: multilingual bibliographies (HH
)

babelbib extension \btxifchangecaseoff added to \extrasbrazil
)
babelbib: Load BibTeX extensions \bibsbrazil for brazil
babelbib: Set language for keywords in the bibliography fixed to brazil
Package caption Info: Begin \AtBeginDocument code.
Package caption Info: hyperref package is loaded.
Package caption Info: hypcap package is loaded.
Package caption Info: End \AtBeginDocument code.
*geometry* driver: auto-detecting
*geometry* detected driver: pdftex
*geometry* verbose mode - [ preamble ] result:
* driver: pdftex
* paper: a4paper
* layout: <same size as paper>
* layoutoffset:(h,v)=(0.0pt,0.0pt)
* modes: twoside 
* h-part:(L,W,R)=(56.9055pt, 468.33257pt, 72.2698pt)
* v-part:(T,H,B)=(72.2698pt, 715.87154pt, 56.9055pt)
* \paperwidth=597.50787pt
* \paperheight=845.04684pt
* \textwidth=468.33257pt
* \textheight=715.87154pt
* \oddsidemargin=-15.36449pt
* \evensidemargin=-0.00018pt
* \topmargin=-31.87398pt
* \headheight=12.0pt
* \headsep=19.8738pt
* \topskip=11.0pt
* \footskip=27.46295pt
* \marginparwidth=106.0pt
* \marginparsep=7.0pt
* \columnsep=10.0pt
* \skip\footins=10.0pt plus 4.0pt minus 2.0pt
* \hoffset=0.0pt
* \voffset=0.0pt
* \mag=1000
* \@twocolumnfalse
* \@twosidetrue
* \@mparswitchtrue
* \@reversemarginfalse
* (1in=72.27pt=25.4mm, 1cm=28.453pt)

\AtBeginShipoutBox=\box29
Package backref Info: ** backref set up for natbib ** on input line 117.
Package hyperref Info: Link coloring ON on input line 117.
(/usr/share/texlive/texmf-dist/tex/latex/hyperref/nameref.sty
Package: nameref 2012/10/27 v2.43 Cross-referencing by name of section

(/usr/share/texlive/texmf-dist/tex/generic/oberdiek/gettitlestring.sty
Package: gettitlestring 2010/12/03 v1.4 Cleanup title references (HO)
)
\c@section@level=\count121
)
LaTeX Info: Redefining \ref on input line 117.
LaTeX Info: Redefining \pageref on input line 117.
LaTeX Info: Redefining \nameref on input line 117.

(./monografia.out) (./monografia.out)
\@outlinefile=\write4
\openout4 = `monografia.out'.

Package babel Info: Redefining portuges shorthand "|
(babel)             in language  on input line 164.
Package babel Info: Redefining portuges shorthand "|
(babel)             in language  on input line 164.
 [1



{/var/lib/texmf/fonts/map/pdftex/updmap/pdftex.map}]
Package babel Info: Redefining portuges shorthand "|
(babel)             in language  on input line 164.
Package babel Info: Redefining portuges shorthand "|
(babel)             in language  on input line 164.
 [2

]
Package babel Info: Redefining portuges shorthand "|
(babel)             in language  on input line 176.
Package babel Info: Redefining portuges shorthand "|
(babel)             in language  on input line 176.
 [3]
Package babel Info: Redefining portuges shorthand "|
(babel)             in language  on input line 176.
Package babel Info: Redefining portuges shorthand "|
(babel)             in language  on input line 176.
 [4

]
Underfull \hbox (badness 10000) in paragraph at lines 178--183

 []


Underfull \hbox (badness 10000) in paragraph at lines 196--197

 []

Package babel Info: Redefining portuges shorthand "|
(babel)             in language  on input line 202.
Package babel Info: Redefining portuges shorthand "|
(babel)             in language  on input line 202.
[5]
Package babel Info: Redefining portuges shorthand "|
(babel)             in language  on input line 202.
Package babel Info: Redefining portuges shorthand "|
(babel)             in language  on input line 202.
 [6

] (./monografia.toc
Package babel Info: Redefining portuges shorthand "|
(babel)             in language  on input line 31.
Package babel Info: Redefining portuges shorthand "|
(babel)             in language  on input line 31.
 [7]
Package babel Info: Redefining portuges shorthand "|
(babel)             in language  on input line 71.
Package babel Info: Redefining portuges shorthand "|
(babel)             in language  on input line 71.
 [8])
\tf@toc=\write5
\openout5 = `monografia.toc'.



Package Fancyhdr Warning: \headheight is too small (12.0pt): 
 Make it at least 13.59999pt.
 We now make it that large for the rest of the document.
 This may cause the page layout to be inconsistent, however.

Package babel Info: Redefining portuges shorthand "|
(babel)             in language  on input line 205.
Package babel Info: Redefining portuges shorthand "|
(babel)             in language  on input line 205.
[9]
Package babel Info: Redefining portuges shorthand "|
(babel)             in language  on input line 205.
Package babel Info: Redefining portuges shorthand "|
(babel)             in language  on input line 205.
 [10

]
Package babel Info: Redefining portuges shorthand "|
(babel)             in language  on input line 205.

Overfull \hbox (7.34874pt too wide) in paragraph at lines 206--216
[][] 
 []

Package babel Info: Redefining portuges shorthand "|
(babel)             in language  on input line 219.
Package babel Info: Redefining portuges shorthand "|
(babel)             in language  on input line 219.
[11]
Package babel Info: Redefining portuges shorthand "|
(babel)             in language  on input line 219.
Package babel Info: Redefining portuges shorthand "|
(babel)             in language  on input line 219.
 [12

]
Package babel Info: Redefining portuges shorthand "|
(babel)             in language  on input line 219.
 (./monografia.lof)
\tf@lof=\write6
\openout6 = `monografia.lof'.

Package babel Info: Redefining portuges shorthand "|
(babel)             in language  on input line 220.
Package babel Info: Redefining portuges shorthand "|
(babel)             in language  on input line 220.
 [13]
Package babel Info: Redefining portuges shorthand "|
(babel)             in language  on input line 220.
Package babel Info: Redefining portuges shorthand "|
(babel)             in language  on input line 220.
 [14

]
Package babel Info: Redefining portuges shorthand "|
(babel)             in language  on input line 220.
 (./monografia.lot)
\tf@lot=\write7
\openout7 = `monografia.lot'.

Package babel Info: Redefining portuges shorthand "|
(babel)             in language  on input line 224.
Package babel Info: Redefining portuges shorthand "|
(babel)             in language  on input line 224.
 [15]
Package babel Info: Redefining portuges shorthand "|
(babel)             in language  on input line 224.
Package babel Info: Redefining portuges shorthand "|
(babel)             in language  on input line 224.
 [16

]
Package babel Info: Redefining portuges shorthand "|
(babel)             in language  on input line 232.
Package babel Info: Redefining portuges shorthand "|
(babel)             in language  on input line 232.
Package babel Info: Redefining portuges shorthand "|
(babel)             in language  on input line 232.
 [1

]
Package babel Info: Redefining portuges shorthand "|
(babel)             in language  on input line 232.
Package babel Info: Redefining portuges shorthand "|
(babel)             in language  on input line 232.

[2] (./cap-introducao.tex
Cap\'{\i }tulo 1.
Package babel Info: Redefining portuges shorthand "|
(babel)             in language  on input line 2.
Package babel Info: Redefining portuges shorthand "|
(babel)             in language  on input line 42.
Package babel Info: Redefining portuges shorthand "|
(babel)             in language  on input line 52.
Package babel Info: Redefining portuges shorthand "|
(babel)             in language  on input line 52.
[3

]
Package babel Info: Redefining portuges shorthand "|
(babel)             in language  on input line 55.
Package babel Info: Redefining portuges shorthand "|
(babel)             in language  on input line 63.
Package babel Info: Redefining portuges shorthand "|
(babel)             in language  on input line 79.
) (./cap-conceitos.tex
Package babel Info: Redefining portuges shorthand "|
(babel)             in language  on input line 4.
Package babel Info: Redefining portuges shorthand "|
(babel)             in language  on input line 4.
 [4]
Cap\'{\i }tulo 2.
Package babel Info: Redefining portuges shorthand "|
(babel)             in language  on input line 4.
Package babel Info: Redefining portuges shorthand "|
(babel)             in language  on input line 8.
Package babel Info: Redefining portuges shorthand "|
(babel)             in language  on input line 12.
Package babel Info: Redefining portuges shorthand "|
(babel)             in language  on input line 32.
Package babel Info: Redefining portuges shorthand "|
(babel)             in language  on input line 65.
Package babel Info: Redefining portuges shorthand "|
(babel)             in language  on input line 71.
Package babel Info: Redefining portuges shorthand "|
(babel)             in language  on input line 71.
[5

] <./figuras/T-Mobile_G1.png, id=575, 149.96025pt x 120.45pt>
File: ./figuras/T-Mobile_G1.png Graphic file (type png)

<use ./figuras/T-Mobile_G1.png>
Package pdftex.def Info: ./figuras/T-Mobile_G1.png used on input line 77.
(pdftex.def)             Requested size: 187.33015pt x 150.47205pt.
LaTeX Font Info:    Font shape `OMS/cmr/m/n' in size <10.95> not available
(Font)              Font shape `OMS/cmsy/m/n' tried instead on input line 90.

<./figuras/android.jpg, id=580, 602.25pt x 579.16376pt>
File: ./figuras/android.jpg Graphic file (type jpg)

<use ./figuras/android.jpg>
Package pdftex.def Info: ./figuras/android.jpg used on input line 111.
(pdftex.def)             Requested size: 234.16628pt x 225.19247pt.


LaTeX Warning: `!h' float specifier changed to `!ht'.

) (./cap-tecnologias.tex
Package babel Info: Redefining portuges shorthand "|
(babel)             in language  on input line 2.
Package babel Info: Redefining portuges shorthand "|
(babel)             in language  on input line 2.
 [6 <./figuras/T-Mobile_G1.png>]
Package babel Info: Redefining portuges shorthand "|
(babel)             in language  on input line 2.
Package babel Info: Redefining portuges shorthand "|
(babel)             in language  on input line 2.
 [7 <./figuras/android.jpg>]
Package babel Info: Redefining portuges shorthand "|
(babel)             in language  on input line 2.
Package babel Info: Redefining portuges shorthand "|
(babel)             in language  on input line 2.
 [8

]
Cap\'{\i }tulo 3.
Package babel Info: Redefining portuges shorthand "|
(babel)             in language  on input line 2.
Package babel Info: Redefining portuges shorthand "|
(babel)             in language  on input line 6.
Package babel Info: Redefining portuges shorthand "|
(babel)             in language  on input line 9.
Package babel Info: Redefining portuges shorthand "|
(babel)             in language  on input line 22.
Package babel Info: Redefining portuges shorthand "|
(babel)             in language  on input line 46.
Package babel Info: Redefining portuges shorthand "|
(babel)             in language  on input line 51.
Package babel Info: Redefining portuges shorthand "|
(babel)             in language  on input line 51.
[9]
Package babel Info: Redefining portuges shorthand "|
(babel)             in language  on input line 59.
Package babel Info: Redefining portuges shorthand "|
(babel)             in language  on input line 71.
Package babel Info: Redefining portuges shorthand "|
(babel)             in language  on input line 81.
Package babel Info: Redefining portuges shorthand "|
(babel)             in language  on input line 84.
Package babel Info: Redefining portuges shorthand "|
(babel)             in language  on input line 96.
Package babel Info: Redefining portuges shorthand "|
(babel)             in language  on input line 101.
Package babel Info: Redefining portuges shorthand "|
(babel)             in language  on input line 101.
 [10]) (./cap-banco.tex
Package babel Info: Redefining portuges shorthand "|
(babel)             in language  on input line 2.
Package babel Info: Redefining portuges shorthand "|
(babel)             in language  on input line 2.
 [11]
Package babel Info: Redefining portuges shorthand "|
(babel)             in language  on input line 2.
Package babel Info: Redefining portuges shorthand "|
(babel)             in language  on input line 2.
 [12

]
Cap\'{\i }tulo 4.
Package babel Info: Redefining portuges shorthand "|
(babel)             in language  on input line 2.
Package babel Info: Redefining portuges shorthand "|
(babel)             in language  on input line 14.
<./figuras/MR.png, id=663, 650.43pt x 409.53pt>
File: ./figuras/MR.png Graphic file (type png)
 <use ./figuras/MR.png>
Package pdftex.def Info: ./figuras/MR.png used on input line 21.
(pdftex.def)             Requested size: 374.66748pt x 235.90909pt.
Package babel Info: Redefining portuges shorthand "|
(babel)             in language  on input line 29.
Package babel Info: Redefining portuges shorthand "|
(babel)             in language  on input line 32.
Package babel Info: Redefining portuges shorthand "|
(babel)             in language  on input line 50.
Package babel Info: Redefining portuges shorthand "|
(babel)             in language  on input line 50.
 [13 <./figuras/MR.png>]
Package babel Info: Redefining portuges shorthand "|
(babel)             in language  on input line 57.
Package babel Info: Redefining portuges shorthand "|
(babel)             in language  on input line 79.
Package babel Info: Redefining portuges shorthand "|
(babel)             in language  on input line 103.
Package babel Info: Redefining portuges shorthand "|
(babel)             in language  on input line 127.
Package babel Info: Redefining portuges shorthand "|
(babel)             in language  on input line 127.
 [14]
Package babel Info: Redefining portuges shorthand "|
(babel)             in language  on input line 129.
Package babel Info: Redefining portuges shorthand "|
(babel)             in language  on input line 171.
Package babel Info: Redefining portuges shorthand "|
(babel)             in language  on input line 197.
Package babel Info: Redefining portuges shorthand "|
(babel)             in language  on input line 197.
 [15]
Package babel Info: Redefining portuges shorthand "|
(babel)             in language  on input line 198.
Package babel Info: Redefining portuges shorthand "|
(babel)             in language  on input line 226.
) (./cap-protocolo.tex
Package babel Info: Redefining portuges shorthand "|
(babel)             in language  on input line 2.
Package babel Info: Redefining portuges shorthand "|
(babel)             in language  on input line 2.
 [16]
Cap\'{\i }tulo 5.
Package babel Info: Redefining portuges shorthand "|
(babel)             in language  on input line 2.
Package babel Info: Redefining portuges shorthand "|
(babel)             in language  on input line 9.
Package babel Info: Redefining portuges shorthand "|
(babel)             in language  on input line 12.
Package babel Info: Redefining portuges shorthand "|
(babel)             in language  on input line 25.
Package babel Info: Redefining portuges shorthand "|
(babel)             in language  on input line 39.
Package babel Info: Redefining portuges shorthand "|
(babel)             in language  on input line 45.
Package babel Info: Redefining portuges shorthand "|
(babel)             in language  on input line 45.
[17

]
Package babel Info: Redefining portuges shorthand "|
(babel)             in language  on input line 46.
Package babel Info: Redefining portuges shorthand "|
(babel)             in language  on input line 51.

Underfull \hbox (badness 10000) in paragraph at lines 53--57

 []

LaTeX Font Info:    Try loading font information for T1+pcr on input line 58.
(/usr/share/texlive/texmf-dist/tex/latex/psnfss/t1pcr.fd
File: t1pcr.fd 2001/06/04 font definitions for T1/pcr.
)

Package Listings Warning: Text dropped after begin of listing on input line 58.


Package babel Info: Redefining portuges shorthand "|
(babel)             in language  on input line 79.

Underfull \hbox (badness 10000) in paragraph at lines 81--85

 []


Package Listings Warning: Text dropped after begin of listing on input line 86.


Package babel Info: Redefining portuges shorthand "|
(babel)             in language  on input line 107.
Package babel Info: Redefining portuges shorthand "|
(babel)             in language  on input line 107.
[18]
Package babel Info: Redefining portuges shorthand "|
(babel)             in language  on input line 111.
Package babel Info: Redefining portuges shorthand "|
(babel)             in language  on input line 123.
Package babel Info: Redefining portuges shorthand "|
(babel)             in language  on input line 137.
Package babel Info: Redefining portuges shorthand "|
(babel)             in language  on input line 151.
Package babel Info: Redefining portuges shorthand "|
(babel)             in language  on input line 157.
Package babel Info: Redefining portuges shorthand "|
(babel)             in language  on input line 163.
Package babel Info: Redefining portuges shorthand "|
(babel)             in language  on input line 169.
Package babel Info: Redefining portuges shorthand "|
(babel)             in language  on input line 169.
 [19]
Package babel Info: Redefining portuges shorthand "|
(babel)             in language  on input line 173.
Package babel Info: Redefining portuges shorthand "|
(babel)             in language  on input line 182.
Package babel Info: Redefining portuges shorthand "|
(babel)             in language  on input line 188.

<./figuras/FluxoGramaProtocolo.png, id=724, 672.5125pt x 356.33125pt>
File: ./figuras/FluxoGramaProtocolo.png Graphic file (type png)

<use ./figuras/FluxoGramaProtocolo.png>
Package pdftex.def Info: ./figuras/FluxoGramaProtocolo.png used on input line 1
92.
(pdftex.def)             Requested size: 327.83136pt x 173.70126pt.
Package babel Info: Redefining portuges shorthand "|
(babel)             in language  on input line 211.
Package babel Info: Redefining portuges shorthand "|
(babel)             in language  on input line 211.
 [20 <./figuras/FluxoGramaProtocolo.png>]) (./cap-implementacao.tex
Package babel Info: Redefining portuges shorthand "|
(babel)             in language  on input line 2.
Package babel Info: Redefining portuges shorthand "|
(babel)             in language  on input line 2.
 [21]
Package babel Info: Redefining portuges shorthand "|
(babel)             in language  on input line 2.
Package babel Info: Redefining portuges shorthand "|
(babel)             in language  on input line 2.
 [22

]
Cap\'{\i }tulo 6.
Package babel Info: Redefining portuges shorthand "|
(babel)             in language  on input line 2.
Package babel Info: Redefining portuges shorthand "|
(babel)             in language  on input line 9.
<./figuras/FluxogramaTelas.png, id=739, 824.07875pt x 454.69875pt>
File: ./figuras/FluxogramaTelas.png Graphic file (type png)

<use ./figuras/FluxogramaTelas.png>
Package pdftex.def Info: ./figuras/FluxogramaTelas.png used on input line 14.
(pdftex.def)             Requested size: 327.83136pt x 180.88411pt.
Package babel Info: Redefining portuges shorthand "|
(babel)             in language  on input line 39.
Package babel Info: Redefining portuges shorthand "|
(babel)             in language  on input line 39.
 [23 <./figuras/FluxogramaTelas.png>]
Package babel Info: Redefining portuges shorthand "|
(babel)             in language  on input line 47.
Package babel Info: Redefining portuges shorthand "|
(babel)             in language  on input line 50.
Package babel Info: Redefining portuges shorthand "|
(babel)             in language  on input line 60.
Package babel Info: Redefining portuges shorthand "|
(babel)             in language  on input line 71.
Package babel Info: Redefining portuges shorthand "|
(babel)             in language  on input line 82.
Package babel Info: Redefining portuges shorthand "|
(babel)             in language  on input line 94.
Package babel Info: Redefining portuges shorthand "|
(babel)             in language  on input line 98.
Package babel Info: Redefining portuges shorthand "|
(babel)             in language  on input line 98.

[24]
Package babel Info: Redefining portuges shorthand "|
(babel)             in language  on input line 109.
Package babel Info: Redefining portuges shorthand "|
(babel)             in language  on input line 123.
Package babel Info: Redefining portuges shorthand "|
(babel)             in language  on input line 134.
Package babel Info: Redefining portuges shorthand "|
(babel)             in language  on input line 141.
Package babel Info: Redefining portuges shorthand "|
(babel)             in language  on input line 150.
) (./cap-resultados.tex
Package babel Info: Redefining portuges shorthand "|
(babel)             in language  on input line 2.
Package babel Info: Redefining portuges shorthand "|
(babel)             in language  on input line 2.
 [25]
Package babel Info: Redefining portuges shorthand "|
(babel)             in language  on input line 2.
Package babel Info: Redefining portuges shorthand "|
(babel)             in language  on input line 2.
 [26]
Cap\'{\i }tulo 7.
Package babel Info: Redefining portuges shorthand "|
(babel)             in language  on input line 2.
<./figuras/screen1.png, id=759, 208.1376pt x 346.896pt>
File: ./figuras/screen1.png Graphic file (type png)

<use ./figuras/screen1.png>
Package pdftex.def Info: ./figuras/screen1.png used on input line 12.
(pdftex.def)             Requested size: 140.50119pt x 234.18173pt.

<./figuras/screen2.png, id=760, 195.129pt x 325.215pt>
File: ./figuras/screen2.png Graphic file (type png)

<use ./figuras/screen2.png>
Package pdftex.def Info: ./figuras/screen2.png used on input line 13.
(pdftex.def)             Requested size: 140.50119pt x 234.16951pt.

<./figuras/screen3.png, id=761, 195.129pt x 325.215pt>
File: ./figuras/screen3.png Graphic file (type png)

<use ./figuras/screen3.png>
Package pdftex.def Info: ./figuras/screen3.png used on input line 14.
(pdftex.def)             Requested size: 140.50119pt x 234.16951pt.
) (./cap-conclusao.tex
Package babel Info: Redefining portuges shorthand "|
(babel)             in language  on input line 2.
Package babel Info: Redefining portuges shorthand "|
(babel)             in language  on input line 2.
 [27

 <./figuras/screen1.png> <./figuras/screen2.png> <./figuras/screen3.png>]
Package babel Info: Redefining portuges shorthand "|
(babel)             in language  on input line 2.
Package babel Info: Redefining portuges shorthand "|
(babel)             in language  on input line 2.
 [28

]
Cap\'{\i }tulo 8.
Package babel Info: Redefining portuges shorthand "|
(babel)             in language  on input line 2.
) (./cap-trabalhos.tex
Package babel Info: Redefining portuges shorthand "|
(babel)             in language  on input line 2.
Package babel Info: Redefining portuges shorthand "|
(babel)             in language  on input line 2.
 [29]
Package babel Info: Redefining portuges shorthand "|
(babel)             in language  on input line 2.
Package babel Info: Redefining portuges shorthand "|
(babel)             in language  on input line 2.
 [30

]
Cap\'{\i }tulo 9.
Package babel Info: Redefining portuges shorthand "|
(babel)             in language  on input line 2.
)
Package babel Info: Redefining portuges shorthand "|
(babel)             in language  on input line 244.
Package babel Info: Redefining portuges shorthand "|
(babel)             in language  on input line 244.
 [31]
Package babel Info: Redefining portuges shorthand "|
(babel)             in language  on input line 244.
Package babel Info: Redefining portuges shorthand "|
(babel)             in language  on input line 244.
 [32

]
Package babel Info: Redefining portuges shorthand "|
(babel)             in language  on input line 244.
Package babel Info: Redefining portuges shorthand "|
(babel)             in language  on input line 244.
Package babel Info: Redefining portuges shorthand "|
(babel)             in language  on input line 244.
 [33]
Package babel Info: Redefining portuges shorthand "|
(babel)             in language  on input line 244.
Package babel Info: Redefining portuges shorthand "|
(babel)             in language  on input line 244.
 [34] (./cap-subjetivo.tex
Cap\'{\i }tulo 10.
Package babel Info: Redefining portuges shorthand "|
(babel)             in language  on input line 2.
Package babel Info: Redefining portuges shorthand "|
(babel)             in language  on input line 6.
Package babel Info: Redefining portuges shorthand "|
(babel)             in language  on input line 11.
Package babel Info: Redefining portuges shorthand "|
(babel)             in language  on input line 19.
Package babel Info: Redefining portuges shorthand "|
(babel)             in language  on input line 27.
Package babel Info: Redefining portuges shorthand "|
(babel)             in language  on input line 33.
Package babel Info: Redefining portuges shorthand "|
(babel)             in language  on input line 43.
Package babel Info: Redefining portuges shorthand "|
(babel)             in language  on input line 47.
Package babel Info: Redefining portuges shorthand "|
(babel)             in language  on input line 47.
[35

]
Package babel Info: Redefining portuges shorthand "|
(babel)             in language  on input line 48.
Package babel Info: Redefining portuges shorthand "|
(babel)             in language  on input line 54.
Package babel Info: Redefining portuges shorthand "|
(babel)             in language  on input line 59.
Package babel Info: Redefining portuges shorthand "|
(babel)             in language  on input line 63.
)
Package babel Info: Redefining portuges shorthand "|
(babel)             in language  on input line 250.
Package babel Info: Redefining portuges shorthand "|
(babel)             in language  on input line 250.
 [36] (./monografia.bbl (./monografia.brf)
\tf@brf=\write8
\openout8 = `monografia.brf'.

Package babel Info: Redefining portuges shorthand "|
(babel)             in language  on input line 1.

Underfull \hbox (badness 1960) in paragraph at lines 10--10
[]\T1/cmr/m/n/10.95 Cupcake, do-nut, eclair, froyo, gin-ger-bread, ho-ney-comb,
 ice cream sandwich...
 []


Underfull \hbox (badness 8075) in paragraph at lines 10--10
\T1/cmr/m/n/10.95 go-o-gle an-droid os code na-mes and his-tory.  [][]$http : /
 / hubpages . com / hub /
 []


Overfull \hbox (64.74734pt too wide) in paragraph at lines 10--10
\T1/cmr/m/n/10.95 Cupcake-[]Donut-[]Eclair-[]Froyo-[]Gingerbread-[]Honeycomb-[]
Android-[]OS-[]Version-[]Codenames-[]and-[]Why$[][],
 []


Underfull \hbox (badness 2961) in paragraph at lines 17--17
[]\T1/cmr/m/n/10.95 Android: 85 [][]$http : / / www . meioemensagem . com . br 
/ home / marketing / noticias / 2014 /
 []


Underfull \hbox (badness 2772) in paragraph at lines 42--42
[]\T1/cmr/m/n/10.95 Aden Hep-burn.  In-fo-graphic: 2013 mo-bile growth sta-tis-
tics.  [][]$http : / / www .
 []


Underfull \hbox (badness 10000) in paragraph at lines 49--49
[]\T1/cmr/m/n/10.95 Bndes faz es-tudo so-bre ga-mes no bra-sil para es-ti-mu-la
r in-dús-tria.
 []


Underfull \hbox (badness 10000) in paragraph at lines 49--49
\T1/cmr/m/n/10.95 http://computerworld.com.br/negocios/2014/04/02/bndes-faz-est
udo-sobre-games-
 []

)
Package atveryend Info: Empty hook `BeforeClearDocument' on input line 264.
Package babel Info: Redefining portuges shorthand "|
(babel)             in language  on input line 264.
Package babel Info: Redefining portuges shorthand "|
(babel)             in language  on input line 264.
 [37


]
Package atveryend Info: Empty hook `AfterLastShipout' on input line 264.
 (./monografia.aux)
Package atveryend Info: Executing hook `AtVeryEndDocument' on input line 264.
Package atveryend Info: Executing hook `AtEndAfterFileList' on input line 264.
Package rerunfilecheck Info: File `monografia.out' has not changed.
(rerunfilecheck)             Checksum: C737045CC0871D44F443E8286747EECE;5396.
Package rerunfilecheck Info: File `monografia.brf' has not changed.
(rerunfilecheck)             Checksum: DFB7405368189F0432836B5EDE793811;933.


LaTeX Warning: There were multiply-defined labels.

Package atveryend Info: Empty hook `AtVeryVeryEnd' on input line 264.
 ) 
Here is how much of TeX's memory you used:
 11115 strings out of 493304
 162110 string characters out of 6139871
 315855 words of memory out of 5000000
 14158 multiletter control sequences out of 15000+600000
 24783 words of font info for 57 fonts, out of 8000000 for 9000
 957 hyphenation exceptions out of 8191
 36i,12n,43p,590b,1115s stack positions out of 5000i,500n,10000p,200000b,80000s
{/usr/share/texlive/texmf-dist/fonts/enc/dvips/base/8r.enc}{/usr/share/texmf/
fonts/enc/dvips/cm-super/cm-super-t1.enc}</usr/share/texlive/texmf-dist/fonts/t
ype1/public/amsfonts/cm/cmsy10.pfb></usr/share/texmf/fonts/type1/public/cm-supe
r/sfbi1200.pfb></usr/share/texmf/fonts/type1/public/cm-super/sfbx1000.pfb></usr
/share/texmf/fonts/type1/public/cm-super/sfbx1095.pfb></usr/share/texmf/fonts/t
ype1/public/cm-super/sfbx1200.pfb></usr/share/texmf/fonts/type1/public/cm-super
/sfbx1440.pfb></usr/share/texmf/fonts/type1/public/cm-super/sfbx2074.pfb></usr/
share/texmf/fonts/type1/public/cm-super/sfbx2488.pfb></usr/share/texmf/fonts/ty
pe1/public/cm-super/sfcc1440.pfb></usr/share/texmf/fonts/type1/public/cm-super/
sfrm0600.pfb></usr/share/texmf/fonts/type1/public/cm-super/sfrm0800.pfb></usr/s
hare/texmf/fonts/type1/public/cm-super/sfrm0900.pfb></usr/share/texmf/fonts/typ
e1/public/cm-super/sfrm1000.pfb></usr/share/texmf/fonts/type1/public/cm-super/s
frm1095.pfb></usr/share/texmf/fonts/type1/public/cm-super/sfrm1200.pfb></usr/sh
are/texmf/fonts/type1/public/cm-super/sfrm1440.pfb></usr/share/texmf/fonts/type
1/public/cm-super/sfti1000.pfb></usr/share/texmf/fonts/type1/public/cm-super/sf
ti1095.pfb></usr/share/texlive/texmf-dist/fonts/type1/urw/courier/ucrr8a.pfb>
Output written on monografia.pdf (53 pages, 3095390 bytes).
PDF statistics:
 952 PDF objects out of 1000 (max. 8388607)
 855 compressed objects within 9 object streams
 208 named destinations out of 1000 (max. 500000)
 689 words of extra memory for PDF output out of 10000 (max. 10000000)

