\BOOKMARK [0][]{chapter*.5}{Lista de Abreviaturas}{}% 1
\BOOKMARK [0][]{chapter*.6}{Lista de Figuras}{}% 2
\BOOKMARK [0][]{chapter*.7}{Lista de Tabelas}{}% 3
\BOOKMARK [-1][]{part.1}{I Parte Objetiva}{}% 4
\BOOKMARK [0][]{chapter.1}{Introdu\347\343o}{part.1}% 5
\BOOKMARK [1][]{section.1.1}{Motiva\347\343o}{chapter.1}% 6
\BOOKMARK [1][]{section.1.2}{Objetivos}{chapter.1}% 7
\BOOKMARK [1][]{section.1.3}{Desafios}{chapter.1}% 8
\BOOKMARK [2][]{subsection.1.3.1}{N\343o conhecimento das linguagens utilizadas}{section.1.3}% 9
\BOOKMARK [2][]{subsection.1.3.2}{Documenta\347\343o da engine}{section.1.3}% 10
\BOOKMARK [2][]{subsection.1.3.3}{Interface gr\341fica}{section.1.3}% 11
\BOOKMARK [1][]{section.1.4}{Organiza\347\343o do Trabalho}{chapter.1}% 12
\BOOKMARK [0][]{chapter.2}{Conceitos}{part.1}% 13
\BOOKMARK [1][]{section.2.1}{Jogos Moveis}{chapter.2}% 14
\BOOKMARK [2][]{subsection.2.1.1}{Jogos multijogador}{section.2.1}% 15
\BOOKMARK [2][]{subsection.2.1.2}{Jogos Sociais}{section.2.1}% 16
\BOOKMARK [1][]{section.2.2}{Web Service}{chapter.2}% 17
\BOOKMARK [1][]{section.2.3}{Android}{chapter.2}% 18
\BOOKMARK [0][]{chapter.3}{Tecnologias Utilizadas}{part.1}% 19
\BOOKMARK [1][]{section.3.1}{Ferramentas}{chapter.3}% 20
\BOOKMARK [2][]{subsection.3.1.1}{ADT}{section.3.1}% 21
\BOOKMARK [2][]{subsection.3.1.2}{AndEngine}{section.3.1}% 22
\BOOKMARK [2][]{subsection.3.1.3}{PostgreSQL}{section.3.1}% 23
\BOOKMARK [2][]{subsection.3.1.4}{Nginx}{section.3.1}% 24
\BOOKMARK [2][]{subsection.3.1.5}{Facebook SDK}{section.3.1}% 25
\BOOKMARK [1][]{section.3.2}{Linguagens de Programa\347\343o}{chapter.3}% 26
\BOOKMARK [2][]{subsection.3.2.1}{Java}{section.3.2}% 27
\BOOKMARK [2][]{subsection.3.2.2}{PHP}{section.3.2}% 28
\BOOKMARK [0][]{chapter.4}{Banco de Dados}{part.1}% 29
\BOOKMARK [1][]{section.4.1}{Modelo Conceitual}{chapter.4}% 30
\BOOKMARK [1][]{section.4.2}{Modelo Relacional}{chapter.4}% 31
\BOOKMARK [1][]{section.4.3}{Rela\347\365es}{chapter.4}% 32
\BOOKMARK [2][]{subsection.4.3.1}{Jogador}{section.4.3}% 33
\BOOKMARK [2][]{subsection.4.3.2}{TipoCarta}{section.4.3}% 34
\BOOKMARK [2][]{subsection.4.3.3}{Carta}{section.4.3}% 35
\BOOKMARK [2][]{subsection.4.3.4}{Dicas}{section.4.3}% 36
\BOOKMARK [2][]{subsection.4.3.5}{Desafios}{section.4.3}% 37
\BOOKMARK [2][]{subsection.4.3.6}{Historico\137Jogo}{section.4.3}% 38
\BOOKMARK [2][]{subsection.4.3.7}{Historico\137Estatistica}{section.4.3}% 39
\BOOKMARK [1][]{section.4.4}{Arquivos de cria\347\343o e de inser\347\343o}{chapter.4}% 40
\BOOKMARK [0][]{chapter.5}{Protocolo de comunica\347\343o}{part.1}% 41
\BOOKMARK [1][]{section.5.1}{Sintaxe}{chapter.5}% 42
\BOOKMARK [1][]{section.5.2}{Sem\342ntica}{chapter.5}% 43
\BOOKMARK [1][]{section.5.3}{Arquivos PHP}{chapter.5}% 44
\BOOKMARK [1][]{section.5.4}{Arquivos Java}{chapter.5}% 45
\BOOKMARK [0][]{chapter.6}{Implementac\343o do Jogo}{part.1}% 46
\BOOKMARK [1][]{section.6.1}{Fluxograma}{chapter.6}% 47
\BOOKMARK [1][]{section.6.2}{Principais Classes}{chapter.6}% 48
\BOOKMARK [1][]{section.6.3}{Integra\347\343o Facebook}{chapter.6}% 49
\BOOKMARK [1][]{section.6.4}{Mec\342nica}{chapter.6}% 50
\BOOKMARK [1][]{section.6.5}{Novo Jogo}{chapter.6}% 51
\BOOKMARK [2][]{subsection.6.5.1}{Amigo do Facebook}{section.6.5}% 52
\BOOKMARK [2][]{subsection.6.5.2}{Oponente Aleat\363rio}{section.6.5}% 53
\BOOKMARK [1][]{section.6.6}{Sistema de pontua\347\343o}{chapter.6}% 54
\BOOKMARK [1][]{section.6.7}{Estat\355sticas}{chapter.6}% 55
\BOOKMARK [0][]{chapter.7}{Testes}{part.1}% 56
\BOOKMARK [1][]{section.7.1}{Testes para projetos android}{chapter.7}% 57
\BOOKMARK [1][]{section.7.2}{Testes neste projeto}{chapter.7}% 58
\BOOKMARK [0][]{chapter.8}{Resultados}{part.1}% 59
\BOOKMARK [1][]{section.8.1}{Resultados Esperados}{chapter.8}% 60
\BOOKMARK [1][]{section.8.2}{Resultados Obtidos}{chapter.8}% 61
\BOOKMARK [0][]{chapter.9}{Conlus\343o}{part.1}% 62
\BOOKMARK [0][]{chapter.10}{Trabalhos Futuros}{part.1}% 63
\BOOKMARK [0][]{chapter*.17}{Refer\352ncias Bibliogr\341ficas}{part.1}% 64
